<?xml version="1.0" encoding="UTF-8"?>
<!-- Generated by org.testng.reporters.JUnitReportReporter -->
<testsuite hostname="LAPTOP-AS1U2ANL" failures="0" tests="6" name="mavenProject.HomePageTest" time="4.108" errors="0" timestamp="2022-10-01T22:41:20 IST" skipped="0">
  <testcase classname="mavenProject.HomePageTest" name="FindProductTest" time="0.565"/>
  <system-out/>
  <testcase classname="mavenProject.HomePageTest" name="LogIn" time="0.387"/>
  <system-out/>
  <testcase classname="mavenProject.HomePageTest" name="cartTest" time="1.988"/>
  <system-out/>
  <testcase classname="mavenProject.HomePageTest" name="confirmOrderPage" time="0.221"/>
  <system-out/>
  <testcase classname="mavenProject.HomePageTest" name="orderHistoryTest" time="0.273"/>
  <system-out/>
  <testcase classname="mavenProject.HomePageTest" name="paymentDetails" time="0.674"/>
  <system-out/>
</testsuite> <!-- mavenProject.HomePageTest -->
