<?xml version="1.0" encoding="UTF-8"?>
<!-- Generated by org.testng.reporters.JUnitReportReporter -->
<testsuite hostname="LAPTOP-AS1U2ANL" failures="0" tests="2" name="cucumber.TestNGTestRunner" time="23.911" errors="0" timestamp="2022-10-03T17:37:32 IST" skipped="0">
  <testcase classname="cucumber.TestNGTestRunner" name="runScenario" time="8.793"/>
  <system-out/>
  <testcase classname="cucumber.TestNGTestRunner" name="runScenario" time="15.118"/>
  <system-out/>
</testsuite> <!-- cucumber.TestNGTestRunner -->
