<?xml version="1.0" encoding="UTF-8"?>
<!-- Generated by org.testng.reporters.JUnitReportReporter -->
<testsuite hostname="LAPTOP-AS1U2ANL" failures="0" tests="2" name="mavenProject.ErrorValidationTest" time="5.474" errors="0" timestamp="2022-10-01T22:41:20 IST" skipped="0">
  <testcase classname="mavenProject.ErrorValidationTest" name="validateError" time="2.753"/>
  <system-out/>
  <testcase classname="mavenProject.ErrorValidationTest" name="validateError" time="2.721"/>
  <system-out/>
</testsuite> <!-- mavenProject.ErrorValidationTest -->
