<?xml version="1.0" encoding="UTF-8"?>
<testsuite xmlns:xsi="http://www.w3.org/2001/XMLSchema-instance" xsi:noNamespaceSchemaLocation="https://maven.apache.org/surefire/maven-surefire-plugin/xsd/surefire-test-report-3.0.xsd" version="3.0" name="TestSuite" time="18.825" tests="8" errors="0" skipped="0" failures="0">
  <properties>
    <property name="java.specification.version" value="18"/>
    <property name="webdriver.chrome.driver" value="C:\Users\ravneesi\.cache\selenium\chromedriver\win32\106.0.5249.61\chromedriver.exe"/>
    <property name="sun.cpu.isalist" value="amd64"/>
    <property name="sun.jnu.encoding" value="Cp1252"/>
    <property name="java.class.path" value="C:\Users\ravneesi\eclipse-workspace\E2EProject\target\test-classes;C:\Users\ravneesi\eclipse-workspace\E2EProject\target\classes;C:\Users\ravneesi\.m2\repository\org\seleniumhq\selenium\selenium-java\4.3.0\selenium-java-4.3.0.jar;C:\Users\ravneesi\.m2\repository\org\seleniumhq\selenium\selenium-api\4.3.0\selenium-api-4.3.0.jar;C:\Users\ravneesi\.m2\repository\org\seleniumhq\selenium\selenium-chrome-driver\4.3.0\selenium-chrome-driver-4.3.0.jar;C:\Users\ravneesi\.m2\repository\com\google\auto\service\auto-service-annotations\1.0.1\auto-service-annotations-1.0.1.jar;C:\Users\ravneesi\.m2\repository\com\google\auto\service\auto-service\1.0.1\auto-service-1.0.1.jar;C:\Users\ravneesi\.m2\repository\com\google\auto\auto-common\1.2\auto-common-1.2.jar;C:\Users\ravneesi\.m2\repository\com\google\guava\guava\31.1-jre\guava-31.1-jre.jar;C:\Users\ravneesi\.m2\repository\com\google\guava\failureaccess\1.0.1\failureaccess-1.0.1.jar;C:\Users\ravneesi\.m2\repository\com\google\guava\listenablefuture\9999.0-empty-to-avoid-conflict-with-guava\listenablefuture-9999.0-empty-to-avoid-conflict-with-guava.jar;C:\Users\ravneesi\.m2\repository\org\checkerframework\checker-qual\3.12.0\checker-qual-3.12.0.jar;C:\Users\ravneesi\.m2\repository\com\google\errorprone\error_prone_annotations\2.11.0\error_prone_annotations-2.11.0.jar;C:\Users\ravneesi\.m2\repository\com\google\j2objc\j2objc-annotations\1.3\j2objc-annotations-1.3.jar;C:\Users\ravneesi\.m2\repository\org\seleniumhq\selenium\selenium-chromium-driver\4.3.0\selenium-chromium-driver-4.3.0.jar;C:\Users\ravneesi\.m2\repository\org\seleniumhq\selenium\selenium-json\4.3.0\selenium-json-4.3.0.jar;C:\Users\ravneesi\.m2\repository\org\seleniumhq\selenium\selenium-devtools-v101\4.3.0\selenium-devtools-v101-4.3.0.jar;C:\Users\ravneesi\.m2\repository\org\seleniumhq\selenium\selenium-devtools-v102\4.3.0\selenium-devtools-v102-4.3.0.jar;C:\Users\ravneesi\.m2\repository\org\seleniumhq\selenium\selenium-devtools-v103\4.3.0\selenium-devtools-v103-4.3.0.jar;C:\Users\ravneesi\.m2\repository\org\seleniumhq\selenium\selenium-devtools-v85\4.3.0\selenium-devtools-v85-4.3.0.jar;C:\Users\ravneesi\.m2\repository\org\seleniumhq\selenium\selenium-edge-driver\4.3.0\selenium-edge-driver-4.3.0.jar;C:\Users\ravneesi\.m2\repository\org\seleniumhq\selenium\selenium-firefox-driver\4.3.0\selenium-firefox-driver-4.3.0.jar;C:\Users\ravneesi\.m2\repository\org\seleniumhq\selenium\selenium-ie-driver\4.3.0\selenium-ie-driver-4.3.0.jar;C:\Users\ravneesi\.m2\repository\org\seleniumhq\selenium\selenium-opera-driver\4.3.0\selenium-opera-driver-4.3.0.jar;C:\Users\ravneesi\.m2\repository\org\seleniumhq\selenium\selenium-remote-driver\4.3.0\selenium-remote-driver-4.3.0.jar;C:\Users\ravneesi\.m2\repository\io\netty\netty-buffer\4.1.78.Final\netty-buffer-4.1.78.Final.jar;C:\Users\ravneesi\.m2\repository\io\netty\netty-codec-http\4.1.78.Final\netty-codec-http-4.1.78.Final.jar;C:\Users\ravneesi\.m2\repository\io\netty\netty-codec\4.1.78.Final\netty-codec-4.1.78.Final.jar;C:\Users\ravneesi\.m2\repository\io\netty\netty-handler\4.1.78.Final\netty-handler-4.1.78.Final.jar;C:\Users\ravneesi\.m2\repository\io\netty\netty-common\4.1.78.Final\netty-common-4.1.78.Final.jar;C:\Users\ravneesi\.m2\repository\io\netty\netty-transport-classes-epoll\4.1.78.Final\netty-transport-classes-epoll-4.1.78.Final.jar;C:\Users\ravneesi\.m2\repository\io\netty\netty-transport-classes-kqueue\4.1.78.Final\netty-transport-classes-kqueue-4.1.78.Final.jar;C:\Users\ravneesi\.m2\repository\io\netty\netty-transport-native-epoll\4.1.78.Final\netty-transport-native-epoll-4.1.78.Final.jar;C:\Users\ravneesi\.m2\repository\io\netty\netty-transport-native-kqueue\4.1.78.Final\netty-transport-native-kqueue-4.1.78.Final.jar;C:\Users\ravneesi\.m2\repository\io\netty\netty-transport-native-unix-common\4.1.78.Final\netty-transport-native-unix-common-4.1.78.Final.jar;C:\Users\ravneesi\.m2\repository\io\netty\netty-transport\4.1.78.Final\netty-transport-4.1.78.Final.jar;C:\Users\ravneesi\.m2\repository\io\netty\netty-resolver\4.1.78.Final\netty-resolver-4.1.78.Final.jar;C:\Users\ravneesi\.m2\repository\io\opentelemetry\opentelemetry-api\1.15.0\opentelemetry-api-1.15.0.jar;C:\Users\ravneesi\.m2\repository\io\opentelemetry\opentelemetry-context\1.15.0\opentelemetry-context-1.15.0.jar;C:\Users\ravneesi\.m2\repository\io\opentelemetry\opentelemetry-exporter-logging\1.15.0\opentelemetry-exporter-logging-1.15.0.jar;C:\Users\ravneesi\.m2\repository\io\opentelemetry\opentelemetry-sdk-metrics\1.15.0\opentelemetry-sdk-metrics-1.15.0.jar;C:\Users\ravneesi\.m2\repository\io\opentelemetry\opentelemetry-sdk-logs\1.15.0-alpha\opentelemetry-sdk-logs-1.15.0-alpha.jar;C:\Users\ravneesi\.m2\repository\io\opentelemetry\opentelemetry-sdk-common\1.15.0\opentelemetry-sdk-common-1.15.0.jar;C:\Users\ravneesi\.m2\repository\io\opentelemetry\opentelemetry-sdk-extension-autoconfigure-spi\1.15.0\opentelemetry-sdk-extension-autoconfigure-spi-1.15.0.jar;C:\Users\ravneesi\.m2\repository\io\opentelemetry\opentelemetry-sdk-extension-autoconfigure\1.15.0-alpha\opentelemetry-sdk-extension-autoconfigure-1.15.0-alpha.jar;C:\Users\ravneesi\.m2\repository\io\opentelemetry\opentelemetry-sdk-trace\1.15.0\opentelemetry-sdk-trace-1.15.0.jar;C:\Users\ravneesi\.m2\repository\io\opentelemetry\opentelemetry-sdk\1.15.0\opentelemetry-sdk-1.15.0.jar;C:\Users\ravneesi\.m2\repository\io\opentelemetry\opentelemetry-semconv\1.15.0-alpha\opentelemetry-semconv-1.15.0-alpha.jar;C:\Users\ravneesi\.m2\repository\io\ous\jtoml\2.0.0\jtoml-2.0.0.jar;C:\Users\ravneesi\.m2\repository\net\bytebuddy\byte-buddy\1.12.10\byte-buddy-1.12.10.jar;C:\Users\ravneesi\.m2\repository\org\apache\commons\commons-exec\1.3\commons-exec-1.3.jar;C:\Users\ravneesi\.m2\repository\org\asynchttpclient\async-http-client\2.12.3\async-http-client-2.12.3.jar;C:\Users\ravneesi\.m2\repository\org\asynchttpclient\async-http-client-netty-utils\2.12.3\async-http-client-netty-utils-2.12.3.jar;C:\Users\ravneesi\.m2\repository\io\netty\netty-codec-socks\4.1.60.Final\netty-codec-socks-4.1.60.Final.jar;C:\Users\ravneesi\.m2\repository\io\netty\netty-handler-proxy\4.1.60.Final\netty-handler-proxy-4.1.60.Final.jar;C:\Users\ravneesi\.m2\repository\io\netty\netty-transport-native-epoll\4.1.60.Final\netty-transport-native-epoll-4.1.60.Final-linux-x86_64.jar;C:\Users\ravneesi\.m2\repository\io\netty\netty-transport-native-kqueue\4.1.60.Final\netty-transport-native-kqueue-4.1.60.Final-osx-x86_64.jar;C:\Users\ravneesi\.m2\repository\com\typesafe\netty\netty-reactive-streams\2.0.4\netty-reactive-streams-2.0.4.jar;C:\Users\ravneesi\.m2\repository\com\sun\activation\jakarta.activation\1.2.2\jakarta.activation-1.2.2.jar;C:\Users\ravneesi\.m2\repository\org\seleniumhq\selenium\selenium-http\4.3.0\selenium-http-4.3.0.jar;C:\Users\ravneesi\.m2\repository\dev\failsafe\failsafe\3.2.4\failsafe-3.2.4.jar;C:\Users\ravneesi\.m2\repository\org\seleniumhq\selenium\selenium-safari-driver\4.3.0\selenium-safari-driver-4.3.0.jar;C:\Users\ravneesi\.m2\repository\org\seleniumhq\selenium\selenium-support\4.3.0\selenium-support-4.3.0.jar;C:\Users\ravneesi\.m2\repository\org\testng\testng\7.6.0\testng-7.6.0.jar;C:\Users\ravneesi\.m2\repository\com\google\code\findbugs\jsr305\3.0.2\jsr305-3.0.2.jar;C:\Users\ravneesi\.m2\repository\org\slf4j\slf4j-api\1.7.36\slf4j-api-1.7.36.jar;C:\Users\ravneesi\.m2\repository\com\beust\jcommander\1.82\jcommander-1.82.jar;C:\Users\ravneesi\.m2\repository\org\webjars\jquery\3.6.0\jquery-3.6.0.jar;C:\Users\ravneesi\.m2\repository\io\github\bonigarcia\webdrivermanager\5.3.0\webdrivermanager-5.3.0.jar;C:\Users\ravneesi\.m2\repository\com\google\code\gson\gson\2.9.1\gson-2.9.1.jar;C:\Users\ravneesi\.m2\repository\com\github\docker-java\docker-java\3.2.13\docker-java-3.2.13.jar;C:\Users\ravneesi\.m2\repository\com\github\docker-java\docker-java-core\3.2.13\docker-java-core-3.2.13.jar;C:\Users\ravneesi\.m2\repository\com\github\docker-java\docker-java-api\3.2.13\docker-java-api-3.2.13.jar;C:\Users\ravneesi\.m2\repository\commons-io\commons-io\2.6\commons-io-2.6.jar;C:\Users\ravneesi\.m2\repository\org\apache\commons\commons-compress\1.21\commons-compress-1.21.jar;C:\Users\ravneesi\.m2\repository\org\bouncycastle\bcpkix-jdk15on\1.64\bcpkix-jdk15on-1.64.jar;C:\Users\ravneesi\.m2\repository\org\bouncycastle\bcprov-jdk15on\1.64\bcprov-jdk15on-1.64.jar;C:\Users\ravneesi\.m2\repository\org\slf4j\jcl-over-slf4j\1.7.30\jcl-over-slf4j-1.7.30.jar;C:\Users\ravneesi\.m2\repository\com\github\docker-java\docker-java-transport-httpclient5\3.2.13\docker-java-transport-httpclient5-3.2.13.jar;C:\Users\ravneesi\.m2\repository\com\github\docker-java\docker-java-transport\3.2.13\docker-java-transport-3.2.13.jar;C:\Users\ravneesi\.m2\repository\net\java\dev\jna\jna\5.8.0\jna-5.8.0.jar;C:\Users\ravneesi\.m2\repository\org\brotli\dec\0.1.2\dec-0.1.2.jar;C:\Users\ravneesi\.m2\repository\org\apache\commons\commons-lang3\3.12.0\commons-lang3-3.12.0.jar;C:\Users\ravneesi\.m2\repository\org\apache\httpcomponents\client5\httpclient5\5.1.3\httpclient5-5.1.3.jar;C:\Users\ravneesi\.m2\repository\org\apache\httpcomponents\core5\httpcore5\5.1.3\httpcore5-5.1.3.jar;C:\Users\ravneesi\.m2\repository\org\apache\httpcomponents\core5\httpcore5-h2\5.1.3\httpcore5-h2-5.1.3.jar;C:\Users\ravneesi\.m2\repository\commons-codec\commons-codec\1.15\commons-codec-1.15.jar;C:\Users\ravneesi\.m2\repository\com\fasterxml\jackson\core\jackson-databind\2.13.4\jackson-databind-2.13.4.jar;C:\Users\ravneesi\.m2\repository\com\fasterxml\jackson\core\jackson-annotations\2.13.4\jackson-annotations-2.13.4.jar;C:\Users\ravneesi\.m2\repository\com\fasterxml\jackson\core\jackson-core\2.13.4\jackson-core-2.13.4.jar;C:\Users\ravneesi\.m2\repository\com\aventstack\extentreports\5.0.9\extentreports-5.0.9.jar;C:\Users\ravneesi\.m2\repository\io\reactivex\rxjava3\rxjava\3.0.4\rxjava-3.0.4.jar;C:\Users\ravneesi\.m2\repository\org\reactivestreams\reactive-streams\1.0.3\reactive-streams-1.0.3.jar;C:\Users\ravneesi\.m2\repository\org\freemarker\freemarker\2.3.30\freemarker-2.3.30.jar;C:\Users\ravneesi\.m2\repository\org\projectlombok\lombok\1.18.12\lombok-1.18.12.jar;C:\Users\ravneesi\.m2\repository\org\apache\logging\log4j\log4j-core\2.19.0\log4j-core-2.19.0.jar;C:\Users\ravneesi\.m2\repository\org\apache\logging\log4j\log4j-api\2.19.0\log4j-api-2.19.0.jar;"/>
    <property name="java.vm.vendor" value="Oracle Corporation"/>
    <property name="sun.arch.data.model" value="64"/>
    <property name="user.variant" value=""/>
    <property name="java.vendor.url" value="https://java.oracle.com/"/>
    <property name="user.timezone" value="Asia/Calcutta"/>
    <property name="os.name" value="Windows 10"/>
    <property name="java.vm.specification.version" value="18"/>
    <property name="sun.java.launcher" value="SUN_STANDARD"/>
    <property name="user.country" value="IN"/>
    <property name="sun.boot.library.path" value="C:\Program Files\Java\jdk-18.0.1\bin"/>
    <property name="sun.java.command" value="C:\Users\ravneesi\AppData\Local\Temp\surefire11443248684446804912\surefirebooter-20221001224100829_3.jar C:\Users\ravneesi\AppData\Local\Temp\surefire11443248684446804912 2022-10-01T22-41-00_312-jvmRun1 surefire-20221001224100829_1tmp surefire_0-20221001224100829_2tmp"/>
    <property name="jdk.debug" value="release"/>
    <property name="surefire.test.class.path" value="C:\Users\ravneesi\eclipse-workspace\E2EProject\target\test-classes;C:\Users\ravneesi\eclipse-workspace\E2EProject\target\classes;C:\Users\ravneesi\.m2\repository\org\seleniumhq\selenium\selenium-java\4.3.0\selenium-java-4.3.0.jar;C:\Users\ravneesi\.m2\repository\org\seleniumhq\selenium\selenium-api\4.3.0\selenium-api-4.3.0.jar;C:\Users\ravneesi\.m2\repository\org\seleniumhq\selenium\selenium-chrome-driver\4.3.0\selenium-chrome-driver-4.3.0.jar;C:\Users\ravneesi\.m2\repository\com\google\auto\service\auto-service-annotations\1.0.1\auto-service-annotations-1.0.1.jar;C:\Users\ravneesi\.m2\repository\com\google\auto\service\auto-service\1.0.1\auto-service-1.0.1.jar;C:\Users\ravneesi\.m2\repository\com\google\auto\auto-common\1.2\auto-common-1.2.jar;C:\Users\ravneesi\.m2\repository\com\google\guava\guava\31.1-jre\guava-31.1-jre.jar;C:\Users\ravneesi\.m2\repository\com\google\guava\failureaccess\1.0.1\failureaccess-1.0.1.jar;C:\Users\ravneesi\.m2\repository\com\google\guava\listenablefuture\9999.0-empty-to-avoid-conflict-with-guava\listenablefuture-9999.0-empty-to-avoid-conflict-with-guava.jar;C:\Users\ravneesi\.m2\repository\org\checkerframework\checker-qual\3.12.0\checker-qual-3.12.0.jar;C:\Users\ravneesi\.m2\repository\com\google\errorprone\error_prone_annotations\2.11.0\error_prone_annotations-2.11.0.jar;C:\Users\ravneesi\.m2\repository\com\google\j2objc\j2objc-annotations\1.3\j2objc-annotations-1.3.jar;C:\Users\ravneesi\.m2\repository\org\seleniumhq\selenium\selenium-chromium-driver\4.3.0\selenium-chromium-driver-4.3.0.jar;C:\Users\ravneesi\.m2\repository\org\seleniumhq\selenium\selenium-json\4.3.0\selenium-json-4.3.0.jar;C:\Users\ravneesi\.m2\repository\org\seleniumhq\selenium\selenium-devtools-v101\4.3.0\selenium-devtools-v101-4.3.0.jar;C:\Users\ravneesi\.m2\repository\org\seleniumhq\selenium\selenium-devtools-v102\4.3.0\selenium-devtools-v102-4.3.0.jar;C:\Users\ravneesi\.m2\repository\org\seleniumhq\selenium\selenium-devtools-v103\4.3.0\selenium-devtools-v103-4.3.0.jar;C:\Users\ravneesi\.m2\repository\org\seleniumhq\selenium\selenium-devtools-v85\4.3.0\selenium-devtools-v85-4.3.0.jar;C:\Users\ravneesi\.m2\repository\org\seleniumhq\selenium\selenium-edge-driver\4.3.0\selenium-edge-driver-4.3.0.jar;C:\Users\ravneesi\.m2\repository\org\seleniumhq\selenium\selenium-firefox-driver\4.3.0\selenium-firefox-driver-4.3.0.jar;C:\Users\ravneesi\.m2\repository\org\seleniumhq\selenium\selenium-ie-driver\4.3.0\selenium-ie-driver-4.3.0.jar;C:\Users\ravneesi\.m2\repository\org\seleniumhq\selenium\selenium-opera-driver\4.3.0\selenium-opera-driver-4.3.0.jar;C:\Users\ravneesi\.m2\repository\org\seleniumhq\selenium\selenium-remote-driver\4.3.0\selenium-remote-driver-4.3.0.jar;C:\Users\ravneesi\.m2\repository\io\netty\netty-buffer\4.1.78.Final\netty-buffer-4.1.78.Final.jar;C:\Users\ravneesi\.m2\repository\io\netty\netty-codec-http\4.1.78.Final\netty-codec-http-4.1.78.Final.jar;C:\Users\ravneesi\.m2\repository\io\netty\netty-codec\4.1.78.Final\netty-codec-4.1.78.Final.jar;C:\Users\ravneesi\.m2\repository\io\netty\netty-handler\4.1.78.Final\netty-handler-4.1.78.Final.jar;C:\Users\ravneesi\.m2\repository\io\netty\netty-common\4.1.78.Final\netty-common-4.1.78.Final.jar;C:\Users\ravneesi\.m2\repository\io\netty\netty-transport-classes-epoll\4.1.78.Final\netty-transport-classes-epoll-4.1.78.Final.jar;C:\Users\ravneesi\.m2\repository\io\netty\netty-transport-classes-kqueue\4.1.78.Final\netty-transport-classes-kqueue-4.1.78.Final.jar;C:\Users\ravneesi\.m2\repository\io\netty\netty-transport-native-epoll\4.1.78.Final\netty-transport-native-epoll-4.1.78.Final.jar;C:\Users\ravneesi\.m2\repository\io\netty\netty-transport-native-kqueue\4.1.78.Final\netty-transport-native-kqueue-4.1.78.Final.jar;C:\Users\ravneesi\.m2\repository\io\netty\netty-transport-native-unix-common\4.1.78.Final\netty-transport-native-unix-common-4.1.78.Final.jar;C:\Users\ravneesi\.m2\repository\io\netty\netty-transport\4.1.78.Final\netty-transport-4.1.78.Final.jar;C:\Users\ravneesi\.m2\repository\io\netty\netty-resolver\4.1.78.Final\netty-resolver-4.1.78.Final.jar;C:\Users\ravneesi\.m2\repository\io\opentelemetry\opentelemetry-api\1.15.0\opentelemetry-api-1.15.0.jar;C:\Users\ravneesi\.m2\repository\io\opentelemetry\opentelemetry-context\1.15.0\opentelemetry-context-1.15.0.jar;C:\Users\ravneesi\.m2\repository\io\opentelemetry\opentelemetry-exporter-logging\1.15.0\opentelemetry-exporter-logging-1.15.0.jar;C:\Users\ravneesi\.m2\repository\io\opentelemetry\opentelemetry-sdk-metrics\1.15.0\opentelemetry-sdk-metrics-1.15.0.jar;C:\Users\ravneesi\.m2\repository\io\opentelemetry\opentelemetry-sdk-logs\1.15.0-alpha\opentelemetry-sdk-logs-1.15.0-alpha.jar;C:\Users\ravneesi\.m2\repository\io\opentelemetry\opentelemetry-sdk-common\1.15.0\opentelemetry-sdk-common-1.15.0.jar;C:\Users\ravneesi\.m2\repository\io\opentelemetry\opentelemetry-sdk-extension-autoconfigure-spi\1.15.0\opentelemetry-sdk-extension-autoconfigure-spi-1.15.0.jar;C:\Users\ravneesi\.m2\repository\io\opentelemetry\opentelemetry-sdk-extension-autoconfigure\1.15.0-alpha\opentelemetry-sdk-extension-autoconfigure-1.15.0-alpha.jar;C:\Users\ravneesi\.m2\repository\io\opentelemetry\opentelemetry-sdk-trace\1.15.0\opentelemetry-sdk-trace-1.15.0.jar;C:\Users\ravneesi\.m2\repository\io\opentelemetry\opentelemetry-sdk\1.15.0\opentelemetry-sdk-1.15.0.jar;C:\Users\ravneesi\.m2\repository\io\opentelemetry\opentelemetry-semconv\1.15.0-alpha\opentelemetry-semconv-1.15.0-alpha.jar;C:\Users\ravneesi\.m2\repository\io\ous\jtoml\2.0.0\jtoml-2.0.0.jar;C:\Users\ravneesi\.m2\repository\net\bytebuddy\byte-buddy\1.12.10\byte-buddy-1.12.10.jar;C:\Users\ravneesi\.m2\repository\org\apache\commons\commons-exec\1.3\commons-exec-1.3.jar;C:\Users\ravneesi\.m2\repository\org\asynchttpclient\async-http-client\2.12.3\async-http-client-2.12.3.jar;C:\Users\ravneesi\.m2\repository\org\asynchttpclient\async-http-client-netty-utils\2.12.3\async-http-client-netty-utils-2.12.3.jar;C:\Users\ravneesi\.m2\repository\io\netty\netty-codec-socks\4.1.60.Final\netty-codec-socks-4.1.60.Final.jar;C:\Users\ravneesi\.m2\repository\io\netty\netty-handler-proxy\4.1.60.Final\netty-handler-proxy-4.1.60.Final.jar;C:\Users\ravneesi\.m2\repository\io\netty\netty-transport-native-epoll\4.1.60.Final\netty-transport-native-epoll-4.1.60.Final-linux-x86_64.jar;C:\Users\ravneesi\.m2\repository\io\netty\netty-transport-native-kqueue\4.1.60.Final\netty-transport-native-kqueue-4.1.60.Final-osx-x86_64.jar;C:\Users\ravneesi\.m2\repository\com\typesafe\netty\netty-reactive-streams\2.0.4\netty-reactive-streams-2.0.4.jar;C:\Users\ravneesi\.m2\repository\com\sun\activation\jakarta.activation\1.2.2\jakarta.activation-1.2.2.jar;C:\Users\ravneesi\.m2\repository\org\seleniumhq\selenium\selenium-http\4.3.0\selenium-http-4.3.0.jar;C:\Users\ravneesi\.m2\repository\dev\failsafe\failsafe\3.2.4\failsafe-3.2.4.jar;C:\Users\ravneesi\.m2\repository\org\seleniumhq\selenium\selenium-safari-driver\4.3.0\selenium-safari-driver-4.3.0.jar;C:\Users\ravneesi\.m2\repository\org\seleniumhq\selenium\selenium-support\4.3.0\selenium-support-4.3.0.jar;C:\Users\ravneesi\.m2\repository\org\testng\testng\7.6.0\testng-7.6.0.jar;C:\Users\ravneesi\.m2\repository\com\google\code\findbugs\jsr305\3.0.2\jsr305-3.0.2.jar;C:\Users\ravneesi\.m2\repository\org\slf4j\slf4j-api\1.7.36\slf4j-api-1.7.36.jar;C:\Users\ravneesi\.m2\repository\com\beust\jcommander\1.82\jcommander-1.82.jar;C:\Users\ravneesi\.m2\repository\org\webjars\jquery\3.6.0\jquery-3.6.0.jar;C:\Users\ravneesi\.m2\repository\io\github\bonigarcia\webdrivermanager\5.3.0\webdrivermanager-5.3.0.jar;C:\Users\ravneesi\.m2\repository\com\google\code\gson\gson\2.9.1\gson-2.9.1.jar;C:\Users\ravneesi\.m2\repository\com\github\docker-java\docker-java\3.2.13\docker-java-3.2.13.jar;C:\Users\ravneesi\.m2\repository\com\github\docker-java\docker-java-core\3.2.13\docker-java-core-3.2.13.jar;C:\Users\ravneesi\.m2\repository\com\github\docker-java\docker-java-api\3.2.13\docker-java-api-3.2.13.jar;C:\Users\ravneesi\.m2\repository\commons-io\commons-io\2.6\commons-io-2.6.jar;C:\Users\ravneesi\.m2\repository\org\apache\commons\commons-compress\1.21\commons-compress-1.21.jar;C:\Users\ravneesi\.m2\repository\org\bouncycastle\bcpkix-jdk15on\1.64\bcpkix-jdk15on-1.64.jar;C:\Users\ravneesi\.m2\repository\org\bouncycastle\bcprov-jdk15on\1.64\bcprov-jdk15on-1.64.jar;C:\Users\ravneesi\.m2\repository\org\slf4j\jcl-over-slf4j\1.7.30\jcl-over-slf4j-1.7.30.jar;C:\Users\ravneesi\.m2\repository\com\github\docker-java\docker-java-transport-httpclient5\3.2.13\docker-java-transport-httpclient5-3.2.13.jar;C:\Users\ravneesi\.m2\repository\com\github\docker-java\docker-java-transport\3.2.13\docker-java-transport-3.2.13.jar;C:\Users\ravneesi\.m2\repository\net\java\dev\jna\jna\5.8.0\jna-5.8.0.jar;C:\Users\ravneesi\.m2\repository\org\brotli\dec\0.1.2\dec-0.1.2.jar;C:\Users\ravneesi\.m2\repository\org\apache\commons\commons-lang3\3.12.0\commons-lang3-3.12.0.jar;C:\Users\ravneesi\.m2\repository\org\apache\httpcomponents\client5\httpclient5\5.1.3\httpclient5-5.1.3.jar;C:\Users\ravneesi\.m2\repository\org\apache\httpcomponents\core5\httpcore5\5.1.3\httpcore5-5.1.3.jar;C:\Users\ravneesi\.m2\repository\org\apache\httpcomponents\core5\httpcore5-h2\5.1.3\httpcore5-h2-5.1.3.jar;C:\Users\ravneesi\.m2\repository\commons-codec\commons-codec\1.15\commons-codec-1.15.jar;C:\Users\ravneesi\.m2\repository\com\fasterxml\jackson\core\jackson-databind\2.13.4\jackson-databind-2.13.4.jar;C:\Users\ravneesi\.m2\repository\com\fasterxml\jackson\core\jackson-annotations\2.13.4\jackson-annotations-2.13.4.jar;C:\Users\ravneesi\.m2\repository\com\fasterxml\jackson\core\jackson-core\2.13.4\jackson-core-2.13.4.jar;C:\Users\ravneesi\.m2\repository\com\aventstack\extentreports\5.0.9\extentreports-5.0.9.jar;C:\Users\ravneesi\.m2\repository\io\reactivex\rxjava3\rxjava\3.0.4\rxjava-3.0.4.jar;C:\Users\ravneesi\.m2\repository\org\reactivestreams\reactive-streams\1.0.3\reactive-streams-1.0.3.jar;C:\Users\ravneesi\.m2\repository\org\freemarker\freemarker\2.3.30\freemarker-2.3.30.jar;C:\Users\ravneesi\.m2\repository\org\projectlombok\lombok\1.18.12\lombok-1.18.12.jar;C:\Users\ravneesi\.m2\repository\org\apache\logging\log4j\log4j-core\2.19.0\log4j-core-2.19.0.jar;C:\Users\ravneesi\.m2\repository\org\apache\logging\log4j\log4j-api\2.19.0\log4j-api-2.19.0.jar;"/>
    <property name="sun.cpu.endian" value="little"/>
    <property name="user.home" value="C:\Users\ravneesi"/>
    <property name="user.language" value="en"/>
    <property name="java.specification.vendor" value="Oracle Corporation"/>
    <property name="java.version.date" value="2022-04-19"/>
    <property name="java.home" value="C:\Program Files\Java\jdk-18.0.1"/>
    <property name="file.separator" value="\"/>
    <property name="basedir" value="C:\Users\ravneesi\eclipse-workspace\E2EProject"/>
    <property name="java.vm.compressedOopsMode" value="Zero based"/>
    <property name="line.separator" value="&#10;"/>
    <property name="java.vm.specification.vendor" value="Oracle Corporation"/>
    <property name="java.specification.name" value="Java Platform API Specification"/>
    <property name="surefire.real.class.path" value="C:\Users\ravneesi\AppData\Local\Temp\surefire11443248684446804912\surefirebooter-20221001224100829_3.jar"/>
    <property name="user.script" value=""/>
    <property name="sun.management.compiler" value="HotSpot 64-Bit Tiered Compilers"/>
    <property name="java.runtime.version" value="18.0.1+10-24"/>
    <property name="user.name" value="ravneesi"/>
    <property name="path.separator" value=";"/>
    <property name="os.version" value="10.0"/>
    <property name="java.runtime.name" value="Java(TM) SE Runtime Environment"/>
    <property name="file.encoding" value="UTF-8"/>
    <property name="browser" value="ChromeHeadless"/>
    <property name="java.vm.name" value="Java HotSpot(TM) 64-Bit Server VM"/>
    <property name="localRepository" value="C:\Users\ravneesi\.m2\repository"/>
    <property name="java.vendor.url.bug" value="https://bugreport.java.com/bugreport/"/>
    <property name="java.io.tmpdir" value="C:\Users\ravneesi\AppData\Local\Temp\"/>
    <property name="java.version" value="18.0.1"/>
    <property name="user.dir" value="C:\Users\ravneesi\eclipse-workspace\E2EProject"/>
    <property name="os.arch" value="amd64"/>
    <property name="java.vm.specification.name" value="Java Virtual Machine Specification"/>
    <property name="sun.os.patch.level" value=""/>
    <property name="native.encoding" value="Cp1252"/>
    <property name="java.library.path" value="C:\Program Files\Java\jdk-18.0.1\bin;C:\Windows\Sun\Java\bin;C:\Windows\system32;C:\Windows;C:\Users\ravneesi\Downloads\apache-maven-3.8.6-bin\apache-maven-3.8.6/bin;C:\Program Files\Java\jdk-18.0.1/bin;C:\Program Files\Java\jdk-18.0.1/bin;C:\Program Files\Common Files\Oracle\Java\javapath;C:\Windows\system32;C:\Windows;C:\Windows\System32\Wbem;C:\Windows\System32\WindowsPowerShell\v1.0\;C:\Windows\System32\OpenSSH\;C:\Users\ravneesi\OneDrive - Cisco\Desktop\Selenium\Drivers\apache-maven-3.8.6-bin\apache-maven-3.8.6\bin;C:\Program Files\Amazon\AWSCLIV2\;C:\Program Files\Git\cmd;C:\Users\ravneesi\AppData\Local\Microsoft\WindowsApps;;."/>
    <property name="java.vm.info" value="mixed mode, sharing"/>
    <property name="java.vendor" value="Oracle Corporation"/>
    <property name="java.vm.version" value="18.0.1+10-24"/>
    <property name="sun.io.unicode.encoding" value="UnicodeLittle"/>
    <property name="java.class.version" value="62.0"/>
  </properties>
  <testcase name="LogIn" classname="mavenProject.HomePageTest" time="0.073">
    <system-out><![CDATA[22:41:04,700 [TestNG-tests-2] DEBUG io.netty.util.internal.logging.InternalLoggerFactory(36) - Using Log4J2 as the default logging framework
22:41:04,737 [TestNG-tests-2] DEBUG io.netty.util.ResourceLeakDetector(36) - -Dio.netty.leakDetection.level: simple
22:41:04,739 [TestNG-tests-2] DEBUG io.netty.util.ResourceLeakDetector(36) - -Dio.netty.leakDetection.targetRecords: 4
22:41:04,747 [TestNG-tests-2] DEBUG io.netty.util.ResourceLeakDetectorFactory(36) - Loaded default ResourceLeakDetector: io.netty.util.ResourceLeakDetector@1fabbff2
22:41:04,786 [TestNG-tests-2] DEBUG io.netty.util.internal.PlatformDependent0(36) - -Dio.netty.noUnsafe: false
22:41:04,787 [TestNG-tests-2] DEBUG io.netty.util.internal.PlatformDependent0(36) - Java version: 18
22:41:04,790 [TestNG-tests-2] DEBUG io.netty.util.internal.PlatformDependent0(36) - sun.misc.Unsafe.theUnsafe: available
22:41:04,791 [TestNG-tests-2] DEBUG io.netty.util.internal.PlatformDependent0(36) - sun.misc.Unsafe.copyMemory: available
22:41:04,792 [TestNG-tests-2] DEBUG io.netty.util.internal.PlatformDependent0(36) - sun.misc.Unsafe.storeFence: available
22:41:04,793 [TestNG-tests-2] DEBUG io.netty.util.internal.PlatformDependent0(36) - java.nio.Buffer.address: available
22:41:04,794 [TestNG-tests-2] DEBUG io.netty.util.internal.PlatformDependent0(36) - direct buffer constructor: unavailable
java.lang.UnsupportedOperationException: Reflective setAccessible(true) disabled
	at io.netty.util.internal.ReflectionUtil.trySetAccessible(ReflectionUtil.java:31) ~[netty-common-4.1.78.Final.jar:4.1.78.Final]
	at io.netty.util.internal.PlatformDependent0$5.run(PlatformDependent0.java:287) ~[netty-common-4.1.78.Final.jar:4.1.78.Final]
	at java.security.AccessController.doPrivileged(AccessController.java:318) ~[?:?]
	at io.netty.util.internal.PlatformDependent0.<clinit>(PlatformDependent0.java:281) ~[netty-common-4.1.78.Final.jar:4.1.78.Final]
	at io.netty.util.internal.PlatformDependent.isAndroid(PlatformDependent.java:294) ~[netty-common-4.1.78.Final.jar:4.1.78.Final]
	at io.netty.util.internal.PlatformDependent.<clinit>(PlatformDependent.java:88) ~[netty-common-4.1.78.Final.jar:4.1.78.Final]
	at io.netty.util.HashedWheelTimer.<init>(HashedWheelTimer.java:114) ~[netty-common-4.1.78.Final.jar:4.1.78.Final]
	at io.netty.util.HashedWheelTimer.<init>(HashedWheelTimer.java:251) ~[netty-common-4.1.78.Final.jar:4.1.78.Final]
	at io.netty.util.HashedWheelTimer.<init>(HashedWheelTimer.java:224) ~[netty-common-4.1.78.Final.jar:4.1.78.Final]
	at io.netty.util.HashedWheelTimer.<init>(HashedWheelTimer.java:203) ~[netty-common-4.1.78.Final.jar:4.1.78.Final]
	at org.asynchttpclient.DefaultAsyncHttpClient.newNettyTimer(DefaultAsyncHttpClient.java:111) ~[async-http-client-2.12.3.jar:?]
	at org.asynchttpclient.DefaultAsyncHttpClient.<init>(DefaultAsyncHttpClient.java:90) ~[async-http-client-2.12.3.jar:?]
	at org.asynchttpclient.Dsl.asyncHttpClient(Dsl.java:32) ~[async-http-client-2.12.3.jar:?]
	at org.openqa.selenium.remote.http.netty.NettyClient.createHttpClient(NettyClient.java:93) ~[selenium-remote-driver-4.3.0.jar:?]
	at org.openqa.selenium.remote.http.netty.NettyClient.<clinit>(NettyClient.java:47) ~[selenium-remote-driver-4.3.0.jar:?]
	at org.openqa.selenium.remote.http.netty.NettyClient$Factory.createClient(NettyClient.java:134) ~[selenium-remote-driver-4.3.0.jar:?]
	at org.openqa.selenium.remote.HttpCommandExecutor.<init>(HttpCommandExecutor.java:107) ~[selenium-remote-driver-4.3.0.jar:?]
	at org.openqa.selenium.remote.HttpCommandExecutor.<init>(HttpCommandExecutor.java:94) ~[selenium-remote-driver-4.3.0.jar:?]
	at org.openqa.selenium.remote.HttpCommandExecutor.<init>(HttpCommandExecutor.java:85) ~[selenium-remote-driver-4.3.0.jar:?]
	at org.openqa.selenium.remote.service.DriverCommandExecutor.<init>(DriverCommandExecutor.java:80) ~[selenium-remote-driver-4.3.0.jar:?]
	at org.openqa.selenium.chromium.ChromiumDriverCommandExecutor.<init>(ChromiumDriverCommandExecutor.java:35) ~[selenium-chromium-driver-4.3.0.jar:?]
	at org.openqa.selenium.chrome.ChromeDriver$ChromeDriverCommandExecutor.<init>(ChromeDriver.java:93) ~[selenium-chrome-driver-4.3.0.jar:?]
	at org.openqa.selenium.chrome.ChromeDriver.<init>(ChromeDriver.java:81) ~[selenium-chrome-driver-4.3.0.jar:?]
	at org.openqa.selenium.chrome.ChromeDriver.<init>(ChromeDriver.java:70) ~[selenium-chrome-driver-4.3.0.jar:?]
	at resources.base.initializeDriver(base.java:58) ~[classes/:?]
	at resources.base.launchApplication(base.java:97) ~[classes/:?]
	at jdk.internal.reflect.DirectMethodHandleAccessor.invoke(DirectMethodHandleAccessor.java:104) ~[?:?]
	at java.lang.reflect.Method.invoke(Method.java:577) ~[?:?]
	at org.testng.internal.invokers.MethodInvocationHelper.invokeMethod(MethodInvocationHelper.java:139) ~[testng-7.6.0.jar:7.6.0]
	at org.testng.internal.invokers.MethodInvocationHelper.invokeMethodConsideringTimeout(MethodInvocationHelper.java:69) ~[testng-7.6.0.jar:7.6.0]
	at org.testng.internal.invokers.ConfigInvoker.invokeConfigurationMethod(ConfigInvoker.java:361) ~[testng-7.6.0.jar:7.6.0]
	at org.testng.internal.invokers.ConfigInvoker.invokeConfigurations(ConfigInvoker.java:296) ~[testng-7.6.0.jar:7.6.0]
	at org.testng.TestRunner.invokeTestConfigurations(TestRunner.java:643) ~[testng-7.6.0.jar:7.6.0]
	at org.testng.TestRunner.beforeRun(TestRunner.java:632) ~[testng-7.6.0.jar:7.6.0]
	at org.testng.TestRunner.run(TestRunner.java:594) ~[testng-7.6.0.jar:7.6.0]
	at org.testng.SuiteRunner.runTest(SuiteRunner.java:433) ~[testng-7.6.0.jar:7.6.0]
	at org.testng.SuiteRunner$SuiteWorker.run(SuiteRunner.java:471) ~[testng-7.6.0.jar:7.6.0]
	at org.testng.internal.thread.ThreadUtil.lambda$execute$0(ThreadUtil.java:58) ~[testng-7.6.0.jar:7.6.0]
	at java.util.concurrent.FutureTask.run(FutureTask.java:264) ~[?:?]
	at java.util.concurrent.ThreadPoolExecutor.runWorker(ThreadPoolExecutor.java:1136) ~[?:?]
	at java.util.concurrent.ThreadPoolExecutor$Worker.run(ThreadPoolExecutor.java:635) ~[?:?]
	at java.lang.Thread.run(Thread.java:833) ~[?:?]
22:41:04,815 [TestNG-tests-2] DEBUG io.netty.util.internal.PlatformDependent0(36) - java.nio.Bits.unaligned: available, true
22:41:04,817 [TestNG-tests-2] DEBUG io.netty.util.internal.PlatformDependent0(36) - jdk.internal.misc.Unsafe.allocateUninitializedArray(int): unavailable
java.lang.IllegalAccessException: class io.netty.util.internal.PlatformDependent0$7 cannot access class jdk.internal.misc.Unsafe (in module java.base) because module java.base does not export jdk.internal.misc to unnamed module @13fd2ccd
	at jdk.internal.reflect.Reflection.newIllegalAccessException(Reflection.java:394) ~[?:?]
	at java.lang.reflect.AccessibleObject.checkAccess(AccessibleObject.java:674) ~[?:?]
	at java.lang.reflect.Method.invoke(Method.java:568) ~[?:?]
	at io.netty.util.internal.PlatformDependent0$7.run(PlatformDependent0.java:409) ~[netty-common-4.1.78.Final.jar:4.1.78.Final]
	at java.security.AccessController.doPrivileged(AccessController.java:318) ~[?:?]
	at io.netty.util.internal.PlatformDependent0.<clinit>(PlatformDependent0.java:400) ~[netty-common-4.1.78.Final.jar:4.1.78.Final]
	at io.netty.util.internal.PlatformDependent.isAndroid(PlatformDependent.java:294) ~[netty-common-4.1.78.Final.jar:4.1.78.Final]
	at io.netty.util.internal.PlatformDependent.<clinit>(PlatformDependent.java:88) ~[netty-common-4.1.78.Final.jar:4.1.78.Final]
	at io.netty.util.HashedWheelTimer.<init>(HashedWheelTimer.java:114) ~[netty-common-4.1.78.Final.jar:4.1.78.Final]
	at io.netty.util.HashedWheelTimer.<init>(HashedWheelTimer.java:251) ~[netty-common-4.1.78.Final.jar:4.1.78.Final]
	at io.netty.util.HashedWheelTimer.<init>(HashedWheelTimer.java:224) ~[netty-common-4.1.78.Final.jar:4.1.78.Final]
	at io.netty.util.HashedWheelTimer.<init>(HashedWheelTimer.java:203) ~[netty-common-4.1.78.Final.jar:4.1.78.Final]
	at org.asynchttpclient.DefaultAsyncHttpClient.newNettyTimer(DefaultAsyncHttpClient.java:111) ~[async-http-client-2.12.3.jar:?]
	at org.asynchttpclient.DefaultAsyncHttpClient.<init>(DefaultAsyncHttpClient.java:90) ~[async-http-client-2.12.3.jar:?]
	at org.asynchttpclient.Dsl.asyncHttpClient(Dsl.java:32) ~[async-http-client-2.12.3.jar:?]
	at org.openqa.selenium.remote.http.netty.NettyClient.createHttpClient(NettyClient.java:93) ~[selenium-remote-driver-4.3.0.jar:?]
	at org.openqa.selenium.remote.http.netty.NettyClient.<clinit>(NettyClient.java:47) ~[selenium-remote-driver-4.3.0.jar:?]
	at org.openqa.selenium.remote.http.netty.NettyClient$Factory.createClient(NettyClient.java:134) ~[selenium-remote-driver-4.3.0.jar:?]
	at org.openqa.selenium.remote.HttpCommandExecutor.<init>(HttpCommandExecutor.java:107) ~[selenium-remote-driver-4.3.0.jar:?]
	at org.openqa.selenium.remote.HttpCommandExecutor.<init>(HttpCommandExecutor.java:94) ~[selenium-remote-driver-4.3.0.jar:?]
	at org.openqa.selenium.remote.HttpCommandExecutor.<init>(HttpCommandExecutor.java:85) ~[selenium-remote-driver-4.3.0.jar:?]
	at org.openqa.selenium.remote.service.DriverCommandExecutor.<init>(DriverCommandExecutor.java:80) ~[selenium-remote-driver-4.3.0.jar:?]
	at org.openqa.selenium.chromium.ChromiumDriverCommandExecutor.<init>(ChromiumDriverCommandExecutor.java:35) ~[selenium-chromium-driver-4.3.0.jar:?]
	at org.openqa.selenium.chrome.ChromeDriver$ChromeDriverCommandExecutor.<init>(ChromeDriver.java:93) ~[selenium-chrome-driver-4.3.0.jar:?]
	at org.openqa.selenium.chrome.ChromeDriver.<init>(ChromeDriver.java:81) ~[selenium-chrome-driver-4.3.0.jar:?]
	at org.openqa.selenium.chrome.ChromeDriver.<init>(ChromeDriver.java:70) ~[selenium-chrome-driver-4.3.0.jar:?]
	at resources.base.initializeDriver(base.java:58) ~[classes/:?]
	at resources.base.launchApplication(base.java:97) ~[classes/:?]
	at jdk.internal.reflect.DirectMethodHandleAccessor.invoke(DirectMethodHandleAccessor.java:104) ~[?:?]
	at java.lang.reflect.Method.invoke(Method.java:577) ~[?:?]
	at org.testng.internal.invokers.MethodInvocationHelper.invokeMethod(MethodInvocationHelper.java:139) ~[testng-7.6.0.jar:7.6.0]
	at org.testng.internal.invokers.MethodInvocationHelper.invokeMethodConsideringTimeout(MethodInvocationHelper.java:69) ~[testng-7.6.0.jar:7.6.0]
	at org.testng.internal.invokers.ConfigInvoker.invokeConfigurationMethod(ConfigInvoker.java:361) ~[testng-7.6.0.jar:7.6.0]
	at org.testng.internal.invokers.ConfigInvoker.invokeConfigurations(ConfigInvoker.java:296) ~[testng-7.6.0.jar:7.6.0]
	at org.testng.TestRunner.invokeTestConfigurations(TestRunner.java:643) ~[testng-7.6.0.jar:7.6.0]
	at org.testng.TestRunner.beforeRun(TestRunner.java:632) ~[testng-7.6.0.jar:7.6.0]
	at org.testng.TestRunner.run(TestRunner.java:594) ~[testng-7.6.0.jar:7.6.0]
	at org.testng.SuiteRunner.runTest(SuiteRunner.java:433) ~[testng-7.6.0.jar:7.6.0]
	at org.testng.SuiteRunner$SuiteWorker.run(SuiteRunner.java:471) ~[testng-7.6.0.jar:7.6.0]
	at org.testng.internal.thread.ThreadUtil.lambda$execute$0(ThreadUtil.java:58) ~[testng-7.6.0.jar:7.6.0]
	at java.util.concurrent.FutureTask.run(FutureTask.java:264) ~[?:?]
	at java.util.concurrent.ThreadPoolExecutor.runWorker(ThreadPoolExecutor.java:1136) ~[?:?]
	at java.util.concurrent.ThreadPoolExecutor$Worker.run(ThreadPoolExecutor.java:635) ~[?:?]
	at java.lang.Thread.run(Thread.java:833) ~[?:?]
22:41:04,826 [TestNG-tests-2] DEBUG io.netty.util.internal.PlatformDependent0(36) - java.nio.DirectByteBuffer.<init>(long, int): unavailable
22:41:04,827 [TestNG-tests-2] DEBUG io.netty.util.internal.PlatformDependent(36) - sun.misc.Unsafe: available
22:41:04,829 [TestNG-tests-2] DEBUG io.netty.util.internal.PlatformDependent(36) - maxDirectMemory: 4217372672 bytes (maybe)
22:41:04,830 [TestNG-tests-2] DEBUG io.netty.util.internal.PlatformDependent(36) - -Dio.netty.tmpdir: C:\Users\ravneesi\AppData\Local\Temp (java.io.tmpdir)
22:41:04,830 [TestNG-tests-2] DEBUG io.netty.util.internal.PlatformDependent(36) - -Dio.netty.bitMode: 64 (sun.arch.data.model)
22:41:04,831 [TestNG-tests-2] DEBUG io.netty.util.internal.PlatformDependent(36) - Platform: Windows
22:41:04,832 [TestNG-tests-2] DEBUG io.netty.util.internal.PlatformDependent(36) - -Dio.netty.maxDirectMemory: -1 bytes
22:41:04,832 [TestNG-tests-2] DEBUG io.netty.util.internal.PlatformDependent(36) - -Dio.netty.uninitializedArrayAllocationThreshold: -1
22:41:04,834 [TestNG-tests-2] DEBUG io.netty.util.internal.CleanerJava9(36) - java.nio.ByteBuffer.cleaner(): available
22:41:04,835 [TestNG-tests-2] DEBUG io.netty.util.internal.PlatformDependent(36) - -Dio.netty.noPreferDirect: false
22:41:04,852 [TestNG-tests-2] DEBUG io.netty.util.internal.PlatformDependent(36) - org.jctools-core.MpscChunkedArrayQueue: available
22:41:04,886 [TestNG-tests-2] DEBUG io.netty.util.internal.InternalThreadLocalMap(36) - -Dio.netty.threadLocalMap.stringBuilder.initialSize: 1024
22:41:04,887 [TestNG-tests-2] DEBUG io.netty.util.internal.InternalThreadLocalMap(36) - -Dio.netty.threadLocalMap.stringBuilder.maxSize: 4096
22:41:04,970 [TestNG-tests-2] DEBUG io.netty.handler.ssl.JdkSslContext(36) - Default protocols (JDK): [TLSv1.3, TLSv1.2] 
22:41:04,970 [TestNG-tests-2] DEBUG io.netty.handler.ssl.JdkSslContext(36) - Default cipher suites (JDK): [TLS_ECDHE_ECDSA_WITH_AES_256_GCM_SHA384, TLS_ECDHE_ECDSA_WITH_AES_128_GCM_SHA256, TLS_ECDHE_RSA_WITH_AES_128_GCM_SHA256, TLS_ECDHE_RSA_WITH_AES_256_GCM_SHA384, TLS_ECDHE_RSA_WITH_AES_128_CBC_SHA, TLS_ECDHE_RSA_WITH_AES_256_CBC_SHA, TLS_RSA_WITH_AES_128_GCM_SHA256, TLS_RSA_WITH_AES_128_CBC_SHA, TLS_RSA_WITH_AES_256_CBC_SHA, TLS_AES_128_GCM_SHA256, TLS_AES_256_GCM_SHA384]
22:41:05,015 [TestNG-tests-2] DEBUG io.netty.channel.MultithreadEventLoopGroup(36) - -Dio.netty.eventLoopThreads: 16
22:41:05,030 [TestNG-tests-2] DEBUG io.netty.channel.nio.NioEventLoop(36) - -Dio.netty.noKeySetOptimization: false
22:41:05,030 [TestNG-tests-2] DEBUG io.netty.channel.nio.NioEventLoop(36) - -Dio.netty.selectorAutoRebuildThreshold: 512
22:41:05,051 [TestNG-tests-2] TRACE io.netty.channel.nio.NioEventLoop(36) - instrumented a special java.util.Set into: sun.nio.ch.WEPollSelectorImpl@dbef18f
22:41:05,059 [TestNG-tests-2] TRACE io.netty.channel.nio.NioEventLoop(36) - instrumented a special java.util.Set into: sun.nio.ch.WEPollSelectorImpl@122cea34
22:41:05,060 [TestNG-tests-2] TRACE io.netty.channel.nio.NioEventLoop(36) - instrumented a special java.util.Set into: sun.nio.ch.WEPollSelectorImpl@19d8d0a1
22:41:05,062 [TestNG-tests-2] TRACE io.netty.channel.nio.NioEventLoop(36) - instrumented a special java.util.Set into: sun.nio.ch.WEPollSelectorImpl@10598b9a
22:41:05,064 [TestNG-tests-2] TRACE io.netty.channel.nio.NioEventLoop(36) - instrumented a special java.util.Set into: sun.nio.ch.WEPollSelectorImpl@26ac126e
22:41:05,065 [TestNG-tests-2] TRACE io.netty.channel.nio.NioEventLoop(36) - instrumented a special java.util.Set into: sun.nio.ch.WEPollSelectorImpl@53a431c5
22:41:05,067 [TestNG-tests-2] TRACE io.netty.channel.nio.NioEventLoop(36) - instrumented a special java.util.Set into: sun.nio.ch.WEPollSelectorImpl@ca6aec8
22:41:05,068 [TestNG-tests-2] TRACE io.netty.channel.nio.NioEventLoop(36) - instrumented a special java.util.Set into: sun.nio.ch.WEPollSelectorImpl@507fe19d
22:41:05,071 [TestNG-tests-2] TRACE io.netty.channel.nio.NioEventLoop(36) - instrumented a special java.util.Set into: sun.nio.ch.WEPollSelectorImpl@1686b69e
22:41:05,074 [TestNG-tests-2] TRACE io.netty.channel.nio.NioEventLoop(36) - instrumented a special java.util.Set into: sun.nio.ch.WEPollSelectorImpl@645e9792
22:41:05,076 [TestNG-tests-2] TRACE io.netty.channel.nio.NioEventLoop(36) - instrumented a special java.util.Set into: sun.nio.ch.WEPollSelectorImpl@5d37a53f
22:41:05,078 [TestNG-tests-2] TRACE io.netty.channel.nio.NioEventLoop(36) - instrumented a special java.util.Set into: sun.nio.ch.WEPollSelectorImpl@72ebc40d
22:41:05,080 [TestNG-tests-2] TRACE io.netty.channel.nio.NioEventLoop(36) - instrumented a special java.util.Set into: sun.nio.ch.WEPollSelectorImpl@517abe88
22:41:05,082 [TestNG-tests-2] TRACE io.netty.channel.nio.NioEventLoop(36) - instrumented a special java.util.Set into: sun.nio.ch.WEPollSelectorImpl@41084132
22:41:05,085 [TestNG-tests-2] TRACE io.netty.channel.nio.NioEventLoop(36) - instrumented a special java.util.Set into: sun.nio.ch.WEPollSelectorImpl@21760a71
22:41:05,088 [TestNG-tests-2] TRACE io.netty.channel.nio.NioEventLoop(36) - instrumented a special java.util.Set into: sun.nio.ch.WEPollSelectorImpl@d9169fe
22:41:05,139 [TestNG-tests-2] DEBUG io.netty.buffer.PooledByteBufAllocator(36) - -Dio.netty.allocator.numHeapArenas: 16
22:41:05,140 [TestNG-tests-2] DEBUG io.netty.buffer.PooledByteBufAllocator(36) - -Dio.netty.allocator.numDirectArenas: 16
22:41:05,140 [TestNG-tests-2] DEBUG io.netty.buffer.PooledByteBufAllocator(36) - -Dio.netty.allocator.pageSize: 8192
22:41:05,140 [TestNG-tests-2] DEBUG io.netty.buffer.PooledByteBufAllocator(36) - -Dio.netty.allocator.maxOrder: 9
22:41:05,141 [TestNG-tests-2] DEBUG io.netty.buffer.PooledByteBufAllocator(36) - -Dio.netty.allocator.chunkSize: 4194304
22:41:05,141 [TestNG-tests-2] DEBUG io.netty.buffer.PooledByteBufAllocator(36) - -Dio.netty.allocator.smallCacheSize: 256
22:41:05,142 [TestNG-tests-2] DEBUG io.netty.buffer.PooledByteBufAllocator(36) - -Dio.netty.allocator.normalCacheSize: 64
22:41:05,142 [TestNG-tests-2] DEBUG io.netty.buffer.PooledByteBufAllocator(36) - -Dio.netty.allocator.maxCachedBufferCapacity: 32768
22:41:05,142 [TestNG-tests-2] DEBUG io.netty.buffer.PooledByteBufAllocator(36) - -Dio.netty.allocator.cacheTrimInterval: 8192
22:41:05,142 [TestNG-tests-2] DEBUG io.netty.buffer.PooledByteBufAllocator(36) - -Dio.netty.allocator.cacheTrimIntervalMillis: 0
22:41:05,142 [TestNG-tests-2] DEBUG io.netty.buffer.PooledByteBufAllocator(36) - -Dio.netty.allocator.useCacheForAllThreads: false
22:41:05,142 [TestNG-tests-2] DEBUG io.netty.buffer.PooledByteBufAllocator(36) - -Dio.netty.allocator.maxCachedByteBuffersPerChunk: 1023
22:41:05,175 [TestNG-tests-2] DEBUG io.netty.buffer.ByteBufUtil(36) - -Dio.netty.allocator.type: pooled
22:41:05,176 [TestNG-tests-2] DEBUG io.netty.buffer.ByteBufUtil(36) - -Dio.netty.threadLocalDirectBufferSize: 0
22:41:05,176 [TestNG-tests-2] DEBUG io.netty.buffer.ByteBufUtil(36) - -Dio.netty.maxThreadLocalCharBufferSize: 16384
22:41:06,472 [Forwarding newSession on session null to remote] DEBUG io.netty.channel.DefaultChannelId(36) - -Dio.netty.processId: 3104 (auto-detected)
22:41:06,476 [Forwarding newSession on session null to remote] DEBUG io.netty.util.NetUtil(36) - -Djava.net.preferIPv4Stack: false
22:41:06,476 [Forwarding newSession on session null to remote] DEBUG io.netty.util.NetUtil(36) - -Djava.net.preferIPv6Addresses: false
22:41:06,492 [Forwarding newSession on session null to remote] DEBUG io.netty.util.NetUtilInitializations(36) - Loopback interface: lo (Software Loopback Interface 1, 127.0.0.1)
22:41:06,494 [Forwarding newSession on session null to remote] DEBUG io.netty.util.NetUtil(36) - Failed to get SOMAXCONN from sysctl and file \proc\sys\net\core\somaxconn. Default: 200
22:41:06,543 [Forwarding newSession on session null to remote] DEBUG io.netty.channel.DefaultChannelId(36) - -Dio.netty.machineId: ac:74:b1:ff:fe:c5:06:d9 (auto-detected)
22:41:06,639 [AsyncHttpClient-1-2] DEBUG io.netty.buffer.AbstractByteBuf(36) - -Dio.netty.buffer.checkAccessible: true
22:41:06,640 [AsyncHttpClient-1-2] DEBUG io.netty.buffer.AbstractByteBuf(36) - -Dio.netty.buffer.checkBounds: true
22:41:06,640 [AsyncHttpClient-1-2] DEBUG io.netty.util.ResourceLeakDetectorFactory(36) - Loaded default ResourceLeakDetector: io.netty.util.ResourceLeakDetector@b032823
22:41:06,682 [AsyncHttpClient-1-3] DEBUG io.netty.util.Recycler(36) - -Dio.netty.recycler.maxCapacityPerThread: 4096
22:41:06,682 [AsyncHttpClient-1-3] DEBUG io.netty.util.Recycler(36) - -Dio.netty.recycler.ratio: 8
22:41:06,683 [AsyncHttpClient-1-3] DEBUG io.netty.util.Recycler(36) - -Dio.netty.recycler.chunkSize: 32
22:41:06,683 [AsyncHttpClient-1-3] DEBUG io.netty.util.Recycler(36) - -Dio.netty.recycler.blocking: false
22:41:08,790 [AsyncHttpClient-1-3] DEBUG io.netty.handler.codec.compression.Brotli(36) - brotli4j not in the classpath; Brotli support will be unavailable.
22:41:08,956 [TestNG-tests-1] DEBUG io.netty.util.internal.ThreadLocalRandom(36) - -Dio.netty.initialSeedUniquifier: 0xc5dde4d965e9d9b9
]]></system-out>
    <system-err><![CDATA[SLF4J: Failed to load class "org.slf4j.impl.StaticLoggerBinder".
SLF4J: Defaulting to no-operation (NOP) logger implementation
SLF4J: See http://www.slf4j.org/codes.html#StaticLoggerBinder for further details.
Starting ChromeDriver 106.0.5249.61 (511755355844955cd3e264779baf0dd38212a4d0-refs/branch-heads/5249@{#569}) on port 61156
Only local connections are allowed.
Please see https://chromedriver.chromium.org/security-considerations for suggestions on keeping ChromeDriver safe.
ChromeDriver was started successfully.
Starting ChromeDriver 106.0.5249.61 (511755355844955cd3e264779baf0dd38212a4d0-refs/branch-heads/5249@{#569}) on port 60797
Only local connections are allowed.
Please see https://chromedriver.chromium.org/security-considerations for suggestions on keeping ChromeDriver safe.
ChromeDriver was started successfully.
Oct 01, 2022 10:41:08 PM org.openqa.selenium.remote.ProtocolHandshake createSession
INFO: Detected upstream dialect: W3C
Oct 01, 2022 10:41:08 PM org.openqa.selenium.remote.ProtocolHandshake createSession
INFO: Detected upstream dialect: W3C
Oct 01, 2022 10:41:08 PM org.openqa.selenium.devtools.CdpVersionFinder findNearestMatch
WARNING: Unable to find an exact match for CDP version 106, so returning the closest version found: 103
Oct 01, 2022 10:41:08 PM org.openqa.selenium.devtools.CdpVersionFinder findNearestMatch
WARNING: Unable to find an exact match for CDP version 106, so returning the closest version found: 103
Oct 01, 2022 10:41:09 PM org.openqa.selenium.devtools.CdpVersionFinder findNearestMatch
INFO: Found CDP implementation for version 106 of 103
Oct 01, 2022 10:41:09 PM org.openqa.selenium.devtools.CdpVersionFinder findNearestMatch
INFO: Found CDP implementation for version 106 of 103
]]></system-err>
  </testcase>
  <testcase name="FindProductTest" classname="mavenProject.HomePageTest" time="0.566">
    <system-out><![CDATA[22:41:11,708 [TestNG-tests-1] INFO  resources.base(36) - Searching required product
22:41:12,029 [TestNG-tests-1] INFO  resources.base(36) - Got all the products
22:41:12,130 [TestNG-tests-2] INFO  resources.base(36) - Incorrect email or password.
22:41:12,163 [TestNG-tests-1] INFO  resources.base(36) - Product found..
22:41:12,262 [TestNG-tests-1] INFO  resources.base(36) - Product added to cart successfully !!
]]></system-out>
  </testcase>
  <testcase name="cartTest" classname="mavenProject.HomePageTest" time="1.989">
    <system-out><![CDATA[22:41:13,900 [TestNG-tests-1] INFO  resources.base(36) - Moved to Cart Page !!
22:41:13,929 [TestNG-tests-1] INFO  resources.base(36) - Let's Shop
22:41:13,983 [TestNG-tests-1] INFO  resources.base(36) - Total Products in cart : 1
22:41:14,077 [TestNG-tests-1] INFO  resources.base(36) - Moving to checkout page
]]></system-out>
  </testcase>
  <testcase name="paymentDetails" classname="mavenProject.HomePageTest" time="0.554">
    <system-out><![CDATA[22:41:14,888 [TestNG-tests-1] INFO  resources.base(36) - INDIA selected
22:41:14,918 [TestNG-tests-2] INFO  resources.base(36) - 
22:41:14,929 [TestNG-tests-1] INFO  resources.base(36) - Order Placed..
]]></system-out>
  </testcase>
  <testcase name="confirmOrderPage" classname="mavenProject.HomePageTest" time="0.226">
    <system-out><![CDATA[22:41:14,950 [TestNG-tests-1] INFO  resources.base(36) - Let's Shop
22:41:15,068 [TestNG-tests-1] INFO  resources.base(36) - THANKYOU FOR THE ORDER.
22:41:15,152 [TestNG-tests-1] INFO  resources.base(36) - Order PDF Downloaded
]]></system-out>
  </testcase>
  <testcase name="orderHistoryTest" classname="mavenProject.HomePageTest" time="0.272">
    <system-out><![CDATA[22:41:15,157 [TestNG-tests-1] INFO  resources.base(36) - Moving to orders page
22:41:15,293 [TestNG-tests-1] INFO  resources.base(36) - Let's Shop
22:41:15,428 [TestNG-tests-1] INFO  resources.base(36) - Product is available in Orders page..
]]></system-out>
  </testcase>
  <testcase name="validateError[{pswd=password1212, email=ravneet@gmail.com}](1)" classname="mavenProject.ErrorValidationTest" time="0.118">
    <system-out><![CDATA[22:41:14,257 [TestNG-tests-1] INFO  resources.base(36) - Select Country..
]]></system-out>
  </testcase>
  <testcase name="validateError[{pswd=Ravneet, email=ravneet1@gmail.com}](2)" classname="mavenProject.ErrorValidationTest" time="1.942"/>
</testsuite>