<?xml version="1.0" encoding="UTF-8"?>
<!-- Generated by org.testng.reporters.JUnitReportReporter -->
<testsuite hostname="LAPTOP-AS1U2ANL" failures="0" tests="6" name="mavenProject.HomePageTest" time="4.527" errors="0" timestamp="2022-09-30T22:33:18 IST" skipped="0">
  <testcase classname="mavenProject.HomePageTest" name="cartTest" time="2.512"/>
  <system-out/>
  <testcase classname="mavenProject.HomePageTest" name="confirmOrderPage" time="0.253"/>
  <system-out/>
  <testcase classname="mavenProject.HomePageTest" name="orderHistoryTest" time="0.316"/>
  <system-out/>
  <testcase classname="mavenProject.HomePageTest" name="paymentDetails" time="0.595"/>
  <system-out/>
  <testcase classname="mavenProject.HomePageTest" name="FindProductTest" time="0.533"/>
  <system-out/>
  <testcase classname="mavenProject.HomePageTest" name="LogIn" time="0.318"/>
  <system-out/>
</testsuite> <!-- mavenProject.HomePageTest -->
