<?xml version="1.0" encoding="UTF-8"?>
<!-- Generated by org.testng.reporters.JUnitReportReporter -->
<testsuite hostname="LAPTOP-AS1U2ANL" failures="0" tests="5" name="mavenProject.HomePage" time="5.227" errors="0" timestamp="2022-09-10T17:00:04 IST" skipped="0">
  <testcase classname="mavenProject.HomePage" name="FindProductTest" time="0.988"/>
  <system-out/>
  <testcase classname="mavenProject.HomePage" name="confirmOrderPage" time="0.502"/>
  <system-out/>
  <testcase classname="mavenProject.HomePage" name="LogIn" time="0.566"/>
  <system-out/>
  <testcase classname="mavenProject.HomePage" name="cartTest" time="2.546"/>
  <system-out/>
  <testcase classname="mavenProject.HomePage" name="paymentDetails" time="0.625"/>
  <system-out/>
</testsuite> <!-- mavenProject.HomePage -->
