<?xml version="1.0" encoding="UTF-8"?>
<!-- Generated by org.testng.reporters.JUnitReportReporter -->
<testsuite hostname="LAPTOP-AS1U2ANL" failures="0" tests="2" name="cucumber.TestNGTestRunner" time="20.676" errors="0" timestamp="2022-10-03T17:06:41 IST" skipped="0">
  <testcase classname="cucumber.TestNGTestRunner" name="runScenario" time="9.325"/>
  <system-out/>
  <testcase classname="cucumber.TestNGTestRunner" name="runScenario" time="11.351"/>
  <system-out/>
</testsuite> <!-- cucumber.TestNGTestRunner -->
